This is pdfTeX, Version 3.14159265-2.6-1.40.21 (MiKTeX 20.6.29) (preloaded format=pdflatex 2020.7.30)  24 SEP 2020 22:20
entering extended mode
**./conference_101719.tex
(conference_101719.tex
LaTeX2e <2020-02-02> patch level 5
L3 programming layer <2020-06-18> (IEEEtran.cls
Document Class: IEEEtran 2015/08/26 V1.8b by Michael Shell
-- See the "IEEEtran_HOWTO" manual for usage information.
-- http://www.michaelshell.org/tex/ieeetran/
\@IEEEtrantmpdimenA=\dimen134
\@IEEEtrantmpdimenB=\dimen135
\@IEEEtrantmpdimenC=\dimen136
\@IEEEtrantmpcountA=\count167
\@IEEEtrantmpcountB=\count168
\@IEEEtrantmpcountC=\count169
\@IEEEtrantmptoksA=\toks15
LaTeX Font Info:    Trying to load font information for OT1+ptm on input line 5
03.
("C:\Program Files\MiKTeX\tex/latex/psnfss\ot1ptm.fd"
File: ot1ptm.fd 2001/06/04 font definitions for OT1/ptm.
)
-- Using 8.5in x 11in (letter) paper.
-- Using PDF output.
\@IEEEnormalsizeunitybaselineskip=\dimen137
-- This is a 10 point document.
\CLASSINFOnormalsizebaselineskip=\dimen138
\CLASSINFOnormalsizeunitybaselineskip=\dimen139
\IEEEnormaljot=\dimen140
LaTeX Font Info:    Font shape `OT1/ptm/bx/n' in size <5> not available
(Font)              Font shape `OT1/ptm/b/n' tried instead on input line 1090.
LaTeX Font Info:    Font shape `OT1/ptm/bx/it' in size <5> not available
(Font)              Font shape `OT1/ptm/b/it' tried instead on input line 1090.

LaTeX Font Info:    Font shape `OT1/ptm/bx/n' in size <7> not available
(Font)              Font shape `OT1/ptm/b/n' tried instead on input line 1090.
LaTeX Font Info:    Font shape `OT1/ptm/bx/it' in size <7> not available
(Font)              Font shape `OT1/ptm/b/it' tried instead on input line 1090.

LaTeX Font Info:    Font shape `OT1/ptm/bx/n' in size <8> not available
(Font)              Font shape `OT1/ptm/b/n' tried instead on input line 1090.
LaTeX Font Info:    Font shape `OT1/ptm/bx/it' in size <8> not available
(Font)              Font shape `OT1/ptm/b/it' tried instead on input line 1090.

LaTeX Font Info:    Font shape `OT1/ptm/bx/n' in size <9> not available
(Font)              Font shape `OT1/ptm/b/n' tried instead on input line 1090.
LaTeX Font Info:    Font shape `OT1/ptm/bx/it' in size <9> not available
(Font)              Font shape `OT1/ptm/b/it' tried instead on input line 1090.

LaTeX Font Info:    Font shape `OT1/ptm/bx/n' in size <10> not available
(Font)              Font shape `OT1/ptm/b/n' tried instead on input line 1090.
LaTeX Font Info:    Font shape `OT1/ptm/bx/it' in size <10> not available
(Font)              Font shape `OT1/ptm/b/it' tried instead on input line 1090.

LaTeX Font Info:    Font shape `OT1/ptm/bx/n' in size <11> not available
(Font)              Font shape `OT1/ptm/b/n' tried instead on input line 1090.
LaTeX Font Info:    Font shape `OT1/ptm/bx/it' in size <11> not available
(Font)              Font shape `OT1/ptm/b/it' tried instead on input line 1090.

LaTeX Font Info:    Font shape `OT1/ptm/bx/n' in size <12> not available
(Font)              Font shape `OT1/ptm/b/n' tried instead on input line 1090.
LaTeX Font Info:    Font shape `OT1/ptm/bx/it' in size <12> not available
(Font)              Font shape `OT1/ptm/b/it' tried instead on input line 1090.

LaTeX Font Info:    Font shape `OT1/ptm/bx/n' in size <17> not available
(Font)              Font shape `OT1/ptm/b/n' tried instead on input line 1090.
LaTeX Font Info:    Font shape `OT1/ptm/bx/it' in size <17> not available
(Font)              Font shape `OT1/ptm/b/it' tried instead on input line 1090.

LaTeX Font Info:    Font shape `OT1/ptm/bx/n' in size <20> not available
(Font)              Font shape `OT1/ptm/b/n' tried instead on input line 1090.
LaTeX Font Info:    Font shape `OT1/ptm/bx/it' in size <20> not available
(Font)              Font shape `OT1/ptm/b/it' tried instead on input line 1090.

LaTeX Font Info:    Font shape `OT1/ptm/bx/n' in size <24> not available
(Font)              Font shape `OT1/ptm/b/n' tried instead on input line 1090.
LaTeX Font Info:    Font shape `OT1/ptm/bx/it' in size <24> not available
(Font)              Font shape `OT1/ptm/b/it' tried instead on input line 1090.

\IEEEquantizedlength=\dimen141
\IEEEquantizedlengthdiff=\dimen142
\IEEEquantizedtextheightdiff=\dimen143
\IEEEilabelindentA=\dimen144
\IEEEilabelindentB=\dimen145
\IEEEilabelindent=\dimen146
\IEEEelabelindent=\dimen147
\IEEEdlabelindent=\dimen148
\IEEElabelindent=\dimen149
\IEEEiednormlabelsep=\dimen150
\IEEEiedmathlabelsep=\dimen151
\IEEEiedtopsep=\skip47
\c@section=\count170
\c@subsection=\count171
\c@subsubsection=\count172
\c@paragraph=\count173
\c@IEEEsubequation=\count174
\abovecaptionskip=\skip48
\belowcaptionskip=\skip49
\c@figure=\count175
\c@table=\count176
\@IEEEeqnnumcols=\count177
\@IEEEeqncolcnt=\count178
\@IEEEsubeqnnumrollback=\count179
\@IEEEquantizeheightA=\dimen152
\@IEEEquantizeheightB=\dimen153
\@IEEEquantizeheightC=\dimen154
\@IEEEquantizeprevdepth=\dimen155
\@IEEEquantizemultiple=\count180
\@IEEEquantizeboxA=\box45
\@IEEEtmpitemindent=\dimen156
\IEEEPARstartletwidth=\dimen157
\c@IEEEbiography=\count181
\@IEEEtranrubishbin=\box46
)
** ATTENTION: Overriding command lockouts (line 2).
(C:\Users\Qiaomu\AppData\Roaming\MiKTeX\tex/latex/cite\cite.sty
LaTeX Info: Redefining \cite on input line 302.
LaTeX Info: Redefining \nocite on input line 332.
Package: cite 2015/02/27  v 5.5
)
("C:\Program Files\MiKTeX\tex/latex/amsmath\amsmath.sty"
Package: amsmath 2020/01/20 v2.17e AMS math features
\@mathmargin=\skip50

For additional information on amsmath, use the `?' option.
("C:\Program Files\MiKTeX\tex/latex/amsmath\amstext.sty"
Package: amstext 2000/06/29 v2.01 AMS text

("C:\Program Files\MiKTeX\tex/latex/amsmath\amsgen.sty"
File: amsgen.sty 1999/11/30 v2.0 generic functions
\@emptytoks=\toks16
\ex@=\dimen158
))
("C:\Program Files\MiKTeX\tex/latex/amsmath\amsbsy.sty"
Package: amsbsy 1999/11/29 v1.2d Bold Symbols
\pmbraise@=\dimen159
)
("C:\Program Files\MiKTeX\tex/latex/amsmath\amsopn.sty"
Package: amsopn 2016/03/08 v2.02 operator names
)
\inf@bad=\count182
LaTeX Info: Redefining \frac on input line 227.
\uproot@=\count183
\leftroot@=\count184
LaTeX Info: Redefining \overline on input line 389.
\classnum@=\count185
\DOTSCASE@=\count186
LaTeX Info: Redefining \ldots on input line 486.
LaTeX Info: Redefining \dots on input line 489.
LaTeX Info: Redefining \cdots on input line 610.
\Mathstrutbox@=\box47
\strutbox@=\box48
\big@size=\dimen160
LaTeX Font Info:    Redeclaring font encoding OML on input line 733.
LaTeX Font Info:    Redeclaring font encoding OMS on input line 734.
\macc@depth=\count187
\c@MaxMatrixCols=\count188
\dotsspace@=\muskip16
\c@parentequation=\count189
\dspbrk@lvl=\count190
\tag@help=\toks17
\row@=\count191
\column@=\count192
\maxfields@=\count193
\andhelp@=\toks18
\eqnshift@=\dimen161
\alignsep@=\dimen162
\tagshift@=\dimen163
\tagwidth@=\dimen164
\totwidth@=\dimen165
\lineht@=\dimen166
\@envbody=\toks19
\multlinegap=\skip51
\multlinetaggap=\skip52
\mathdisplay@stack=\toks20
LaTeX Info: Redefining \[ on input line 2859.
LaTeX Info: Redefining \] on input line 2860.
)
("C:\Program Files\MiKTeX\tex/latex/amsfonts\amssymb.sty"
Package: amssymb 2013/01/14 v3.01 AMS font symbols

("C:\Program Files\MiKTeX\tex/latex/amsfonts\amsfonts.sty"
Package: amsfonts 2013/01/14 v3.01 Basic AMSFonts support
\symAMSa=\mathgroup4
\symAMSb=\mathgroup5
LaTeX Font Info:    Redeclaring math symbol \hbar on input line 98.
LaTeX Font Info:    Overwriting math alphabet `\mathfrak' in version `bold'
(Font)                  U/euf/m/n --> U/euf/b/n on input line 106.
))
("C:\Program Files\MiKTeX\tex/latex/algorithms\algorithm.sty"
Package: algorithm 2009/08/24 v0.1 Document Style `algorithm' - floating enviro
nment

("C:\Program Files\MiKTeX\tex/latex/float\float.sty"
Package: float 2001/11/08 v1.3d Float enhancements (AL)
\c@float@type=\count194
\float@exts=\toks21
\float@box=\box49
\@float@everytoks=\toks22
\@floatcapt=\box50
)
("C:\Program Files\MiKTeX\tex/latex/base\ifthen.sty"
Package: ifthen 2014/09/29 v1.1c Standard LaTeX ifthen package (DPC)
)
\@float@every@algorithm=\toks23
\c@algorithm=\count195
)
("C:\Program Files\MiKTeX\tex/latex/algorithmicx\algorithmicx.sty"
Package: algorithmicx 2005/04/27 v1.2 Algorithmicx

Document Style algorithmicx 1.2 - a greatly improved `algorithmic' style
\c@ALG@line=\count196
\c@ALG@rem=\count197
\c@ALG@nested=\count198
\ALG@tlm=\skip53
\ALG@thistlm=\skip54
\c@ALG@Lnr=\count199
\c@ALG@blocknr=\count266
\c@ALG@storecount=\count267
\c@ALG@tmpcounter=\count268
\ALG@tmplength=\skip55
) ("C:\Program Files\MiKTeX\tex/latex/algorithmicx\algpseudocode.sty"
Package: algpseudocode 

Document Style - pseudocode environments for use with the `algorithmicx' style
) ("C:\Program Files\MiKTeX\tex/latex/graphics\graphicx.sty"
Package: graphicx 2019/11/30 v1.2a Enhanced LaTeX Graphics (DPC,SPQR)

("C:\Program Files\MiKTeX\tex/latex/graphics\keyval.sty"
Package: keyval 2014/10/28 v1.15 key=value parser (DPC)
\KV@toks@=\toks24
)
("C:\Program Files\MiKTeX\tex/latex/graphics\graphics.sty"
Package: graphics 2019/11/30 v1.4a Standard LaTeX Graphics (DPC,SPQR)

("C:\Program Files\MiKTeX\tex/latex/graphics\trig.sty"
Package: trig 2016/01/03 v1.10 sin cos tan (DPC)
)
("C:\Program Files\MiKTeX\tex/latex/graphics-cfg\graphics.cfg"
File: graphics.cfg 2016/06/04 v1.11 sample graphics configuration
)
Package graphics Info: Driver file: pdftex.def on input line 105.

("C:\Program Files\MiKTeX\tex/latex/graphics-def\pdftex.def"
File: pdftex.def 2018/01/08 v1.0l Graphics/color driver for pdftex
))
\Gin@req@height=\dimen167
\Gin@req@width=\dimen168
)
("C:\Program Files\MiKTeX\tex/latex/base\textcomp.sty"
Package: textcomp 2020/02/02 v2.0n Standard LaTeX package
)
("C:\Program Files\MiKTeX\tex/latex/xcolor\xcolor.sty"
Package: xcolor 2016/05/11 v2.12 LaTeX color extensions (UK)

("C:\Program Files\MiKTeX\tex/latex/graphics-cfg\color.cfg"
File: color.cfg 2016/01/02 v1.6 sample color configuration
)
Package xcolor Info: Driver file: pdftex.def on input line 225.
Package xcolor Info: Model `cmy' substituted by `cmy0' on input line 1348.
Package xcolor Info: Model `hsb' substituted by `rgb' on input line 1352.
Package xcolor Info: Model `RGB' extended on input line 1364.
Package xcolor Info: Model `HTML' substituted by `rgb' on input line 1366.
Package xcolor Info: Model `Hsb' substituted by `hsb' on input line 1367.
Package xcolor Info: Model `tHsb' substituted by `hsb' on input line 1368.
Package xcolor Info: Model `HSB' substituted by `hsb' on input line 1369.
Package xcolor Info: Model `Gray' substituted by `gray' on input line 1370.
Package xcolor Info: Model `wave' substituted by `hsb' on input line 1371.
)
("C:\Program Files\MiKTeX\tex/latex/l3backend\l3backend-pdfmode.def"
File: l3backend-pdfmode.def 2020-06-29 L3 backend support: PDF mode
\l__kernel_color_stack_int=\count269
\l__pdf_internal_box=\box51
)
(conference_101719.aux)
\openout1 = `conference_101719.aux'.

LaTeX Font Info:    Checking defaults for OML/cmm/m/it on input line 19.
LaTeX Font Info:    ... okay on input line 19.
LaTeX Font Info:    Checking defaults for OMS/cmsy/m/n on input line 19.
LaTeX Font Info:    ... okay on input line 19.
LaTeX Font Info:    Checking defaults for OT1/cmr/m/n on input line 19.
LaTeX Font Info:    ... okay on input line 19.
LaTeX Font Info:    Checking defaults for T1/cmr/m/n on input line 19.
LaTeX Font Info:    ... okay on input line 19.
LaTeX Font Info:    Checking defaults for TS1/cmr/m/n on input line 19.
LaTeX Font Info:    ... okay on input line 19.
LaTeX Font Info:    Checking defaults for OMX/cmex/m/n on input line 19.
LaTeX Font Info:    ... okay on input line 19.
LaTeX Font Info:    Checking defaults for U/cmr/m/n on input line 19.
LaTeX Font Info:    ... okay on input line 19.

-- Lines per column: 56 (exact).
("C:\Program Files\MiKTeX\tex/context/base/mkii\supp-pdf.mkii"
[Loading MPS to PDF converter (version 2006.09.02).]
\scratchcounter=\count270
\scratchdimen=\dimen169
\scratchbox=\box52
\nofMPsegments=\count271
\nofMParguments=\count272
\everyMPshowfont=\toks25
\MPscratchCnt=\count273
\MPscratchDim=\dimen170
\MPnumerator=\count274
\makeMPintoPDFobject=\count275
\everyMPtoPDFconversion=\toks26
) ("C:\Program Files\MiKTeX\tex/latex/epstopdf-pkg\epstopdf-base.sty"
Package: epstopdf-base 2020-01-24 v2.11 Base part for package epstopdf
Package epstopdf-base Info: Redefining graphics rule for `.eps' on input line 4
85.
)
LaTeX Font Info:    Calculating math sizes for size <11> on input line 38.
LaTeX Font Info:    Trying to load font information for U+msa on input line 38.


("C:\Program Files\MiKTeX\tex/latex/amsfonts\umsa.fd"
File: umsa.fd 2013/01/14 v3.01 AMS symbols A
)
LaTeX Font Info:    Trying to load font information for U+msb on input line 38.


("C:\Program Files\MiKTeX\tex/latex/amsfonts\umsb.fd"
File: umsb.fd 2013/01/14 v3.01 AMS symbols B
)
\c@problem=\count276
\c@lemma=\count277
\c@theorem=\count278

(sections/Introduction.tex
LaTeX Font Info:    Trying to load font information for OT1+phv on input line 7
.
 ("C:\Program Files\MiKTeX\tex/latex/psnfss\ot1phv.fd"
File: ot1phv.fd 2020/03/25 scalable font definitions for OT1/phv.
)

LaTeX Warning: Citation `clutter' on page 1 undefined on input line 19.

<pictures/Teaser.pdf, id=1, 3745.65364pt x 2484.02026pt>
File: pictures/Teaser.pdf Graphic file (type pdf)
<use pictures/Teaser.pdf>
Package pdftex.def Info: pictures/Teaser.pdf  used on input line 45.
(pdftex.def)             Requested size: 438.60315pt x 290.868pt.

Underfull \vbox (badness 2600) has occurred while \output is active []

 [1{C:/Users/Qiaomu/AppData/Local/MiKTeX/pdftex/config/pdftex.map}


]
Underfull \vbox (badness 3029) has occurred while \output is active []

)
(sections/RelatedWork.tex [2 <./pictures/Teaser.pdf>]

pdfTeX warning: pdflatex.exe (file ./pictures/framework/framework.pdf): PDF inc
lusion: found PDF version <1.7>, but at most version <1.5> allowed
<pictures/framework/framework.pdf, id=85, 563.10374pt x 170.6375pt>
File: pictures/framework/framework.pdf Graphic file (type pdf)
<use pictures/framework/framework.pdf>
Package pdftex.def Info: pictures/framework/framework.pdf  used on input line 3
8.
(pdftex.def)             Requested size: 206.39685pt x 62.54384pt.
) (sections/ProblemFormulation.tex

pdfTeX warning: pdflatex.exe (file ./pictures/problemsolveing/RenderedPixels.pd
f): PDF inclusion: found PDF version <1.7>, but at most version <1.5> allowed
<pictures/problemsolveing/RenderedPixels.pdf, id=86, 831.65405pt x 498.99222pt>

File: pictures/problemsolveing/RenderedPixels.pdf Graphic file (type pdf)
<use pictures/problemsolveing/RenderedPixels.pdf>
Package pdftex.def Info: pictures/problemsolveing/RenderedPixels.pdf  used on i
nput line 8.
(pdftex.def)             Requested size: 108.35815pt x 65.00832pt.


pdfTeX warning: pdflatex.exe (file ./pictures/problemsolveing/TrajZoomIn.pdf): 
PDF inclusion: found PDF version <1.7>, but at most version <1.5> allowed
<pictures/problemsolveing/TrajZoomIn.pdf, id=87, 874.36562pt x 472.15698pt>
File: pictures/problemsolveing/TrajZoomIn.pdf Graphic file (type pdf)
<use pictures/problemsolveing/TrajZoomIn.pdf>
Package pdftex.def Info: pictures/problemsolveing/TrajZoomIn.pdf  used on input
 line 10.
(pdftex.def)             Requested size: 120.95892pt x 65.31622pt.

Overfull \hbox (1.31711pt too wide) in paragraph at lines 7--17
 [][] 
 []

[3 <./pictures/framework/framework.pdf> <./pictures/problemsolveing/RenderedPix
els.pdf

pdfTeX warning: pdflatex.exe (file ./pictures/problemsolveing/RenderedPixels.pd
f): PDF inclusion: multiple pdfs with page group included in a single page
> <./pictures/problemsolveing/TrajZoomIn.pdf

pdfTeX warning: pdflatex.exe (file ./pictures/problemsolveing/TrajZoomIn.pdf): 
PDF inclusion: multiple pdfs with page group included in a single page
>]
Underfull \hbox (badness 5036) in paragraph at lines 40--41
\OT1/ptm/m/n/10 If there is a so-lu-tion for the above fidelity-optimal
 []


Underfull \hbox (badness 10000) in paragraph at lines 40--41
\OT1/ptm/m/n/10 sam-pling prob-lem, to pro-vide a guar-an-teed fi-delity
 []


Underfull \hbox (badness 1484) in paragraph at lines 40--41
\OML/cmm/m/it/10 loss\OT1/cmr/m/n/10 (\OML/cmm/m/it/10 V\OT1/cmr/m/n/10 (\OMS/c
msy/m/n/10 T\OT1/cmr/m/n/10 )\OML/cmm/m/it/10 ; V\OT1/cmr/m/n/10 (\OMS/cmsy/m/n
/10 R\OT1/cmr/m/n/10 )) \OMS/cmsy/m/n/10  \OML/cmm/m/it/10 $\OT1/ptm/m/n/10 ,
 we can sim-ply use a bi-nary
 []


LaTeX Warning: Citation `techreport' on page 4 undefined on input line 44.


LaTeX Warning: Citation `setcover' on page 4 undefined on input line 62.

) (sections/ProblemSolving.tex [4]

pdfTeX warning: pdflatex.exe (file ./pictures/1st.pdf): PDF inclusion: found PD
F version <1.7>, but at most version <1.5> allowed
<pictures/1st.pdf, id=127, 216.81pt x 172.2435pt>
File: pictures/1st.pdf Graphic file (type pdf)
<use pictures/1st.pdf>
Package pdftex.def Info: pictures/1st.pdf  used on input line 97.
(pdftex.def)             Requested size: 88.20154pt x 70.07098pt.


pdfTeX warning: pdflatex.exe (file ./pictures/2nd.pdf): PDF inclusion: found PD
F version <1.7>, but at most version <1.5> allowed
<pictures/2nd.pdf, id=128, 216.81pt x 172.2435pt>
File: pictures/2nd.pdf Graphic file (type pdf)
<use pictures/2nd.pdf>
Package pdftex.def Info: pictures/2nd.pdf  used on input line 99.
(pdftex.def)             Requested size: 88.20154pt x 70.07098pt.
<pictures/problemsolveing/delta_motivation.pdf, id=129, 2652.91125pt x 878.2812
5pt>
File: pictures/problemsolveing/delta_motivation.pdf Graphic file (type pdf)
<use pictures/problemsolveing/delta_motivation.pdf>
Package pdftex.def Info: pictures/problemsolveing/delta_motivation.pdf  used on
 input line 162.
(pdftex.def)             Requested size: 247.6778pt x 81.99022pt.
[5 <./pictures/1st.pdf> <./pictures/2nd.pdf

pdfTeX warning: pdflatex.exe (file ./pictures/2nd.pdf): PDF inclusion: multiple
 pdfs with page group included in a single page
>]
<pictures/problemsolveing/one_to_many.pdf, id=171, 1419.24222pt x 495.25426pt>
File: pictures/problemsolveing/one_to_many.pdf Graphic file (type pdf)
<use pictures/problemsolveing/one_to_many.pdf>
Package pdftex.def Info: pictures/problemsolveing/one_to_many.pdf  used on inpu
t line 222.
(pdftex.def)             Requested size: 232.19843pt x 81.02574pt.
) (sections/Evaluation.tex [6 <./pictures/problemsolveing/delta_motivation.pdf>
 <./pictures/problemsolveing/one_to_many.pdf

pdfTeX warning: pdflatex.exe (file ./pictures/problemsolveing/one_to_many.pdf):
 PDF inclusion: multiple pdfs with page group included in a single page
>]

LaTeX Warning: Citation `techreport' on page 7 undefined on input line 42.

(sections/Evaluation_user_study.tex
<pictures/user_study/interface.pdf, id=225, 2511.3825pt x 1865.97125pt>
File: pictures/user_study/interface.pdf Graphic file (type pdf)
<use pictures/user_study/interface.pdf>
Package pdftex.def Info: pictures/user_study/interface.pdf  used on input line 
7.
(pdftex.def)             Requested size: 232.19843pt x 172.51422pt.
 [7 <./pictures/user_study/interface.pdf>]
<pictures/userstudy.pdf, id=242, 361.35pt x 252.945pt>
File: pictures/userstudy.pdf Graphic file (type pdf)
<use pictures/userstudy.pdf>
Package pdftex.def Info: pictures/userstudy.pdf  used on input line 88.
(pdftex.def)             Requested size: 154.80157pt x 108.35896pt.
<pictures/fporto.pdf, id=243, 328.22626pt x 229.85875pt>
File: pictures/fporto.pdf Graphic file (type pdf)
<use pictures/fporto.pdf>
Package pdftex.def Info: pictures/fporto.pdf  used on input line 122.
(pdftex.def)             Requested size: 110.88062pt x 77.64938pt.
<pictures/fshenzhen.pdf, id=244, 328.22626pt x 229.85875pt>
File: pictures/fshenzhen.pdf Graphic file (type pdf)
<use pictures/fshenzhen.pdf>
Package pdftex.def Info: pictures/fshenzhen.pdf  used on input line 124.
(pdftex.def)             Requested size: 110.88062pt x 77.64938pt.

[8 <./pictures/userstudy.pdf> <./pictures/fporto.pdf> <./pictures/fshenzhen.pdf
>]
<pictures/tporto.pdf, id=261, 328.22626pt x 236.885pt>
File: pictures/tporto.pdf Graphic file (type pdf)
<use pictures/tporto.pdf>
Package pdftex.def Info: pictures/tporto.pdf  used on input line 155.
(pdftex.def)             Requested size: 110.88062pt x 80.02295pt.
<pictures/tshenzhen.pdf, id=262, 328.22626pt x 237.88875pt>
File: pictures/tshenzhen.pdf Graphic file (type pdf)
<use pictures/tshenzhen.pdf>
Package pdftex.def Info: pictures/tshenzhen.pdf  used on input line 157.
(pdftex.def)             Requested size: 110.88062pt x 80.36201pt.
)) (sections/ConclusionFutureWork.tex) (conference_101719.bbl
Underfull \hbox (badness 6493) in paragraph at lines 160--165
[]\OT1/ptm/m/n/8 R. Kr[]uger, D. Thom, M. W[]orner, H. Bosch, and T. Ertl,
 []

[9 <./pictures/tporto.pdf> <./pictures/tshenzhen.pdf>])

** Conference Paper **
Before submitting the final camera ready copy, remember to:

 1. Manually equalize the lengths of two columns on the last page
 of your paper;

 2. Ensure that any PostScript and/or PDF output post-processing
 uses only Type 1 fonts and that every step in the generation
 process uses the appropriate paper size.

[10

] (conference_101719.aux)

LaTeX Warning: There were undefined references.

 ) 
Here is how much of TeX's memory you used:
 4660 strings out of 480790
 68387 string characters out of 2907052
 316698 words of memory out of 3000000
 20572 multiletter control sequences out of 15000+200000
 587863 words of font info for 133 fonts, out of 3000000 for 9000
 1141 hyphenation exceptions out of 8191
 30i,12n,37p,2148b,313s stack positions out of 5000i,500n,10000p,200000b,50000s
{C:/Program Files/MiKTeX/fonts/enc/dvips/base/8r.enc}<C:/Program Files/MiKTeX
/fonts/type1/public/amsfonts/cm/cmmi10.pfb><C:/Program Files/MiKTeX/fonts/type1
/public/amsfonts/cm/cmmi5.pfb><C:/Program Files/MiKTeX/fonts/type1/public/amsfo
nts/cm/cmmi7.pfb><C:/Program Files/MiKTeX/fonts/type1/public/amsfonts/cm/cmmi8.
pfb><C:/Program Files/MiKTeX/fonts/type1/public/amsfonts/cm/cmr10.pfb><C:/Progr
am Files/MiKTeX/fonts/type1/public/amsfonts/cm/cmr6.pfb><C:/Program Files/MiKTe
X/fonts/type1/public/amsfonts/cm/cmr7.pfb><C:/Program Files/MiKTeX/fonts/type1/
public/amsfonts/cm/cmr8.pfb><C:/Program Files/MiKTeX/fonts/type1/public/amsfont
s/cm/cmss10.pfb><C:/Program Files/MiKTeX/fonts/type1/public/amsfonts/cm/cmss8.p
fb><C:/Program Files/MiKTeX/fonts/type1/public/amsfonts/cm/cmss9.pfb><C:/Progra
m Files/MiKTeX/fonts/type1/public/amsfonts/cm/cmsy10.pfb><C:/Program Files/MiKT
eX/fonts/type1/public/amsfonts/cm/cmsy5.pfb><C:/Program Files/MiKTeX/fonts/type
1/public/amsfonts/cm/cmsy7.pfb><C:/Program Files/MiKTeX/fonts/type1/urw/helveti
c/uhvr8a.pfb><C:/Program Files/MiKTeX/fonts/type1/urw/times/utmb8a.pfb><C:/Prog
ram Files/MiKTeX/fonts/type1/urw/times/utmbi8a.pfb><C:/Program Files/MiKTeX/fon
ts/type1/urw/times/utmr8a.pfb><C:/Program Files/MiKTeX/fonts/type1/urw/times/ut
mri8a.pfb>
Output written on conference_101719.pdf (10 pages, 6382025 bytes).
PDF statistics:
 339 PDF objects out of 1000 (max. 8388607)
 0 named destinations out of 1000 (max. 500000)
 71 words of extra memory for PDF output out of 10000 (max. 10000000)

